0 info it worked if it ends with ok
1 verbose cli [ 'c:\\Program Files\\nodejs\\node.exe',
1 verbose cli   'c:\\Program Files\\nodejs\\node_modules\\npm\\bin\\npm-cli.js',
1 verbose cli   'start',
1 verbose cli   'driveEasy.js' ]
2 info using npm@1.4.14
3 info using node@v0.10.29
4 error Error: ENOENT, open 'D:\NodeApp\node_modules\driveEasy.js\package.json'
5 error If you need help, you may report this *entire* log,
5 error including the npm and node versions, at:
5 error     <http://github.com/npm/npm/issues>
6 error System Windows_NT 6.1.7601
7 error command "c:\\Program Files\\nodejs\\node.exe" "c:\\Program Files\\nodejs\\node_modules\\npm\\bin\\npm-cli.js" "start" "driveEasy.js"
8 error cwd D:\NodeApp
9 error node -v v0.10.29
10 error npm -v 1.4.14
11 error path D:\NodeApp\node_modules\driveEasy.js\package.json
12 error code ENOENT
13 error errno 34
14 verbose exit [ 34, true ]
